<?xml version="1.0" encoding="UTF-8"?>
<!-- Generated by org.testng.reporters.JUnitXMLReporter -->
<testsuite ignored="0" hostname="prathyu" failures="0" tests="23" name="Default test" time="208.255" errors="0" timestamp="2024-01-14T20:11:27 EST">
  <testcase classname="com.excelRProjects.SwagLabs.TestCaseExecution" name="validateAllValidCredentials" time="13.506"/>
  <testcase classname="com.excelRProjects.SwagLabs.TestCaseExecution" name="validateInvalidUserName" time="0.67"/>
  <testcase classname="com.excelRProjects.SwagLabs.TestCaseExecution" name="validateInvalidPassword" time="0.509"/>
  <testcase classname="com.excelRProjects.SwagLabs.TestCaseExecution" name="validateBlankCredentials" time="0.149"/>
  <testcase classname="com.excelRProjects.SwagLabs.TestCaseExecution" name="validateValidLogin" time="0.551"/>
  <testcase classname="com.excelRProjects.SwagLabs.TestCaseExecution" name="validateAllProductsDisplay" time="0.539"/>
  <testcase classname="com.excelRProjects.SwagLabs.TestCaseExecution" name="validateProductByNameFilterZtoA" time="4.053"/>
  <testcase classname="com.excelRProjects.SwagLabs.TestCaseExecution" name="validateProductByNameFilterAtoZ" time="4.594"/>
  <testcase classname="com.excelRProjects.SwagLabs.TestCaseExecution" name="validateProductFilterByPriceLowtoHigh" time="2.357"/>
  <testcase classname="com.excelRProjects.SwagLabs.TestCaseExecution" name="validateProductFilterByPriceHightoLow" time="2.597"/>
  <testcase classname="com.excelRProjects.SwagLabs.TestCaseExecution" name="validateSocialMediaButtons" time="7.446"/>
  <testcase classname="com.excelRProjects.SwagLabs.TestCaseExecution" name="validateInventoryPageProduct" time="0.378"/>
  <testcase classname="com.excelRProjects.SwagLabs.TestCaseExecution" name="validateaddAllProductsToCart" time="0.893"/>
  <testcase classname="com.excelRProjects.SwagLabs.TestCaseExecution" name="validateremoveAllItemsFromCart" time="60.927"/>
  <testcase classname="com.excelRProjects.SwagLabs.TestCaseExecution" name="validateAddandRemoveProductsInInventory" time="20.369"/>
  <testcase classname="com.excelRProjects.SwagLabs.TestCaseExecution" name="validateFooterText" time="0.127"/>
  <testcase classname="com.excelRProjects.SwagLabs.TestCaseExecution" name="validateResetAppStateFunction" time="31.303"/>
  <testcase classname="com.excelRProjects.SwagLabs.TestCaseExecution" name="validateCartPageCheckOutButton" time="21.623"/>
  <testcase classname="com.excelRProjects.SwagLabs.TestCaseExecution" name="validateCkeckoutPage1ContinueButtonAndAllItemsFunction" time="1.84"/>
  <testcase classname="com.excelRProjects.SwagLabs.TestCaseExecution" name="validateCkeckoutPage1ErrorMsgsText" time="2.413"/>
  <testcase classname="com.excelRProjects.SwagLabs.TestCaseExecution" name="validateCheckoutPage2FinishButton" time="1.176"/>
  <testcase classname="com.excelRProjects.SwagLabs.TestCaseExecution" name="validateCheckoutPage2CancelButton" time="24.408"/>
  <testcase classname="com.excelRProjects.SwagLabs.TestCaseExecution" name="validateCheckoutcompletePage" time="2.401"/>
</testsuite> <!-- Default test -->
